$ vite
Port 5173 is in use, trying another one...
Port 5174 is in use, trying another one...
Port 5175 is in use, trying another one...
Port 5176 is in use, trying another one...
Port 5177 is in use, trying another one...
Port 5178 is in use, trying another one...
Port 5179 is in use, trying another one...
Port 5180 is in use, trying another one...
Port 5181 is in use, trying another one...
Port 5182 is in use, trying another one...
Port 5183 is in use, trying another one...
Port 5184 is in use, trying another one...
Port 5185 is in use, trying another one...
Port 5186 is in use, trying another one...
Port 5187 is in use, trying another one...

  VITE v4.5.5  ready in 120 ms

  ➜  Local:   http://localhost:5188/frontend_mentor12/
  ➜  Network: use --host to expose
5:21:38 PM [vite] hmr update /src/css/main.css
5:22:24 PM [vite] hmr update /src/App.tsx
5:33:37 PM [vite] hmr update /src/App.tsx
5:35:11 PM [vite] page reload src/main.tsx
5:36:13 PM [vite] hmr update /src/css/main.css
5:36:56 PM [vite] hmr update /src/App.tsx
5:37:15 PM [vite] hmr update /src/App.tsx
5:37:29 PM [vite] hmr update /src/App.tsx
5:37:34 PM [vite] hmr update /src/App.tsx
5:38:43 PM [vite] hmr update /src/App.tsx
5:38:43 PM [vite] hmr update /src/App.tsx
5:38:54 PM [vite] hmr update /src/App.tsx
5:41:06 PM [vite] hmr update /src/App.tsx
5:41:17 PM [vite] hmr update /src/App.tsx
5:44:30 PM [vite] hmr update /src/App.tsx
5:45:13 PM [vite] hmr update /src/App.tsx
5:45:33 PM [vite] hmr update /src/App.tsx
5:46:00 PM [vite] hmr update /src/App.tsx
5:46:57 PM [vite] hmr update /src/App.tsx
5:46:58 PM [vite] hmr update /src/App.tsx
5:47:24 PM [vite] hmr update /src/App.tsx
5:47:25 PM [vite] hmr update /src/App.tsx
5:49:57 PM [vite] hmr update /src/App.tsx
5:50:27 PM [vite] hmr update /src/App.tsx
5:50:30 PM [vite] hmr update /src/App.tsx
5:50:44 PM [vite] hmr update /src/App.tsx
6:27:57 PM [vite] hmr update /src/App.tsx
6:28:17 PM [vite] page reload src/main.tsx
6:28:27 PM [vite] hmr update /src/App.tsx
6:28:48 PM [vite] hmr update /src/App.tsx
6:28:48 PM [vite] hmr update /src/App.tsx
6:29:04 PM [vite] hmr update /src/App.tsx
6:29:04 PM [vite] Internal server error: /Users/ryuseihosokawa/frontend_mentor12/src/App.tsx: Identifier 'React' has already been declared. (2:7)

  1 | import React from "react";
> 2 | import React from "";
    |        ^
  3 |
  4 | function App() {
  5 |     return (
  Plugin: vite:react-babel
  File: /Users/ryuseihosokawa/frontend_mentor12/src/App.tsx:2:7
  1  |  import React from "react";
  2  |  import React from "";
     |         ^
  3  |  
  4  |  function App() {
      at constructor (/Users/ryuseihosokawa/frontend_mentor12/node_modules/@babel/parser/lib/index.js:362:19)
      at TypeScriptParserMixin.raise (/Users/ryuseihosokawa/frontend_mentor12/node_modules/@babel/parser/lib/index.js:3259:19)
      at TypeScriptScopeHandler.checkRedeclarationInScope (/Users/ryuseihosokawa/frontend_mentor12/node_modules/@babel/parser/lib/index.js:1507:19)
      at TypeScriptScopeHandler.declareName (/Users/ryuseihosokawa/frontend_mentor12/node_modules/@babel/parser/lib/index.js:1473:12)
      at TypeScriptScopeHandler.declareName (/Users/ryuseihosokawa/frontend_mentor12/node_modules/@babel/parser/lib/index.js:6927:11)
      at TypeScriptParserMixin.declareNameFromIdentifier (/Users/ryuseihosokawa/frontend_mentor12/node_modules/@babel/parser/lib/index.js:7350:16)
      at TypeScriptParserMixin.checkIdentifier (/Users/ryuseihosokawa/frontend_mentor12/node_modules/@babel/parser/lib/index.js:7346:12)
      at TypeScriptParserMixin.checkLVal (/Users/ryuseihosokawa/frontend_mentor12/node_modules/@babel/parser/lib/index.js:7287:12)
      at TypeScriptParserMixin.finishImportSpecifier (/Users/ryuseihosokawa/frontend_mentor12/node_modules/@babel/parser/lib/index.js:13734:10)
      at TypeScriptParserMixin.parseImportSpecifierLocal (/Users/ryuseihosokawa/frontend_mentor12/node_modules/@babel/parser/lib/index.js:13731:31)
      at TypeScriptParserMixin.maybeParseDefaultImportSpecifier (/Users/ryuseihosokawa/frontend_mentor12/node_modules/@babel/parser/lib/index.js:13846:12)
      at TypeScriptParserMixin.parseImportSpecifiersAndAfter (/Users/ryuseihosokawa/frontend_mentor12/node_modules/@babel/parser/lib/index.js:13708:29)
      at TypeScriptParserMixin.parseImport (/Users/ryuseihosokawa/frontend_mentor12/node_modules/@babel/parser/lib/index.js:13704:17)
      at TypeScriptParserMixin.parseImport (/Users/ryuseihosokawa/frontend_mentor12/node_modules/@babel/parser/lib/index.js:9073:26)
      at TypeScriptParserMixin.parseStatementContent (/Users/ryuseihosokawa/frontend_mentor12/node_modules/@babel/parser/lib/index.js:12351:27)
      at TypeScriptParserMixin.parseStatementContent (/Users/ryuseihosokawa/frontend_mentor12/node_modules/@babel/parser/lib/index.js:9157:18)
      at TypeScriptParserMixin.parseStatementLike (/Users/ryuseihosokawa/frontend_mentor12/node_modules/@babel/parser/lib/index.js:12243:17)
      at TypeScriptParserMixin.parseModuleItem (/Users/ryuseihosokawa/frontend_mentor12/node_modules/@babel/parser/lib/index.js:12220:17)
      at TypeScriptParserMixin.parseBlockOrModuleBlockBody (/Users/ryuseihosokawa/frontend_mentor12/node_modules/@babel/parser/lib/index.js:12796:36)
      at TypeScriptParserMixin.parseBlockBody (/Users/ryuseihosokawa/frontend_mentor12/node_modules/@babel/parser/lib/index.js:12789:10)
      at TypeScriptParserMixin.parseProgram (/Users/ryuseihosokawa/frontend_mentor12/node_modules/@babel/parser/lib/index.js:12117:10)
      at TypeScriptParserMixin.parseTopLevel (/Users/ryuseihosokawa/frontend_mentor12/node_modules/@babel/parser/lib/index.js:12107:25)
      at TypeScriptParserMixin.parse (/Users/ryuseihosokawa/frontend_mentor12/node_modules/@babel/parser/lib/index.js:13923:10)
      at TypeScriptParserMixin.parse (/Users/ryuseihosokawa/frontend_mentor12/node_modules/@babel/parser/lib/index.js:9771:18)
      at parse (/Users/ryuseihosokawa/frontend_mentor12/node_modules/@babel/parser/lib/index.js:13957:38)
      at parser (/Users/ryuseihosokawa/frontend_mentor12/node_modules/@babel/core/lib/parser/index.js:41:34)
      at parser.next (<anonymous>)
      at normalizeFile (/Users/ryuseihosokawa/frontend_mentor12/node_modules/@babel/core/lib/transformation/normalize-file.js:64:37)
      at normalizeFile.next (<anonymous>)
      at run (/Users/ryuseihosokawa/frontend_mentor12/node_modules/@babel/core/lib/transformation/index.js:21:50)
      at run.next (<anonymous>)
      at transform (/Users/ryuseihosokawa/frontend_mentor12/node_modules/@babel/core/lib/transform.js:22:33)
      at transform.next (<anonymous>)
      at step (/Users/ryuseihosokawa/frontend_mentor12/node_modules/gensync/index.js:261:32)
      at /Users/ryuseihosokawa/frontend_mentor12/node_modules/gensync/index.js:273:13
      at async.call.result.err.err (/Users/ryuseihosokawa/frontend_mentor12/node_modules/gensync/index.js:223:11)
      at /Users/ryuseihosokawa/frontend_mentor12/node_modules/gensync/index.js:189:28
      at /Users/ryuseihosokawa/frontend_mentor12/node_modules/@babel/core/lib/gensync-utils/async.js:67:7
      at /Users/ryuseihosokawa/frontend_mentor12/node_modules/gensync/index.js:113:33
      at step (/Users/ryuseihosokawa/frontend_mentor12/node_modules/gensync/index.js:287:14)
      at /Users/ryuseihosokawa/frontend_mentor12/node_modules/gensync/index.js:273:13
      at async.call.result.err.err (/Users/ryuseihosokawa/frontend_mentor12/node_modules/gensync/index.js:223:11)
6:31:08 PM [vite] hmr update /src/App.tsx
6:31:08 PM [vite] Internal server error: /Users/ryuseihosokawa/frontend_mentor12/src/App.tsx: Expected corresponding JSX closing tag for <div>. (7:14)

   5 |         <>
   6 |             <div className="inner">
>  7 |               < />
     |               ^
   8 |             </div>
   9 |         </>
  10 |     );
  Plugin: vite:react-babel
  File: /Users/ryuseihosokawa/frontend_mentor12/src/App.tsx:7:14
  5  |          <>
  6  |              <div className="inner">
  7  |                < />
     |                ^
  8  |              </div>
  9  |          </>
      at constructor (/Users/ryuseihosokawa/frontend_mentor12/node_modules/@babel/parser/lib/index.js:362:19)
      at TypeScriptParserMixin.raise (/Users/ryuseihosokawa/frontend_mentor12/node_modules/@babel/parser/lib/index.js:3259:19)
      at TypeScriptParserMixin.jsxParseElementAt (/Users/ryuseihosokawa/frontend_mentor12/node_modules/@babel/parser/lib/index.js:6769:14)
      at TypeScriptParserMixin.jsxParseElementAt (/Users/ryuseihosokawa/frontend_mentor12/node_modules/@babel/parser/lib/index.js:6745:32)
      at TypeScriptParserMixin.jsxParseElement (/Users/ryuseihosokawa/frontend_mentor12/node_modules/@babel/parser/lib/index.js:6796:17)
      at TypeScriptParserMixin.parseExprAtom (/Users/ryuseihosokawa/frontend_mentor12/node_modules/@babel/parser/lib/index.js:6806:19)
      at TypeScriptParserMixin.parseExprSubscripts (/Users/ryuseihosokawa/frontend_mentor12/node_modules/@babel/parser/lib/index.js:10591:23)
      at TypeScriptParserMixin.parseUpdate (/Users/ryuseihosokawa/frontend_mentor12/node_modules/@babel/parser/lib/index.js:10576:21)
      at TypeScriptParserMixin.parseMaybeUnary (/Users/ryuseihosokawa/frontend_mentor12/node_modules/@babel/parser/lib/index.js:10556:23)
      at TypeScriptParserMixin.parseMaybeUnary (/Users/ryuseihosokawa/frontend_mentor12/node_modules/@babel/parser/lib/index.js:9483:18)
      at TypeScriptParserMixin.parseMaybeUnaryOrPrivate (/Users/ryuseihosokawa/frontend_mentor12/node_modules/@babel/parser/lib/index.js:10410:61)
      at TypeScriptParserMixin.parseExprOps (/Users/ryuseihosokawa/frontend_mentor12/node_modules/@babel/parser/lib/index.js:10415:23)
      at TypeScriptParserMixin.parseMaybeConditional (/Users/ryuseihosokawa/frontend_mentor12/node_modules/@babel/parser/lib/index.js:10392:23)
      at TypeScriptParserMixin.parseMaybeAssign (/Users/ryuseihosokawa/frontend_mentor12/node_modules/@babel/parser/lib/index.js:10355:21)
      at /Users/ryuseihosokawa/frontend_mentor12/node_modules/@babel/parser/lib/index.js:9421:39
      at TypeScriptParserMixin.tryParse (/Users/ryuseihosokawa/frontend_mentor12/node_modules/@babel/parser/lib/index.js:3597:20)
      at TypeScriptParserMixin.parseMaybeAssign (/Users/ryuseihosokawa/frontend_mentor12/node_modules/@babel/parser/lib/index.js:9421:18)
      at /Users/ryuseihosokawa/frontend_mentor12/node_modules/@babel/parser/lib/index.js:10325:39
      at TypeScriptParserMixin.allowInAnd (/Users/ryuseihosokawa/frontend_mentor12/node_modules/@babel/parser/lib/index.js:11937:12)
      at TypeScriptParserMixin.parseMaybeAssignAllowIn (/Users/ryuseihosokawa/frontend_mentor12/node_modules/@babel/parser/lib/index.js:10325:17)
      at TypeScriptParserMixin.parseParenAndDistinguishExpression (/Users/ryuseihosokawa/frontend_mentor12/node_modules/@babel/parser/lib/index.js:11196:28)
      at TypeScriptParserMixin.parseExprAtom (/Users/ryuseihosokawa/frontend_mentor12/node_modules/@babel/parser/lib/index.js:10849:23)
      at TypeScriptParserMixin.parseExprAtom (/Users/ryuseihosokawa/frontend_mentor12/node_modules/@babel/parser/lib/index.js:6811:20)
      at TypeScriptParserMixin.parseExprSubscripts (/Users/ryuseihosokawa/frontend_mentor12/node_modules/@babel/parser/lib/index.js:10591:23)
      at TypeScriptParserMixin.parseUpdate (/Users/ryuseihosokawa/frontend_mentor12/node_modules/@babel/parser/lib/index.js:10576:21)
      at TypeScriptParserMixin.parseMaybeUnary (/Users/ryuseihosokawa/frontend_mentor12/node_modules/@babel/parser/lib/index.js:10556:23)
      at TypeScriptParserMixin.parseMaybeUnary (/Users/ryuseihosokawa/frontend_mentor12/node_modules/@babel/parser/lib/index.js:9483:18)
      at TypeScriptParserMixin.parseMaybeUnaryOrPrivate (/Users/ryuseihosokawa/frontend_mentor12/node_modules/@babel/parser/lib/index.js:10410:61)
      at TypeScriptParserMixin.parseExprOps (/Users/ryuseihosokawa/frontend_mentor12/node_modules/@babel/parser/lib/index.js:10415:23)
      at TypeScriptParserMixin.parseMaybeConditional (/Users/ryuseihosokawa/frontend_mentor12/node_modules/@babel/parser/lib/index.js:10392:23)
      at TypeScriptParserMixin.parseMaybeAssign (/Users/ryuseihosokawa/frontend_mentor12/node_modules/@babel/parser/lib/index.js:10355:21)
      at TypeScriptParserMixin.parseMaybeAssign (/Users/ryuseihosokawa/frontend_mentor12/node_modules/@babel/parser/lib/index.js:9432:20)
      at TypeScriptParserMixin.parseExpressionBase (/Users/ryuseihosokawa/frontend_mentor12/node_modules/@babel/parser/lib/index.js:10309:23)
      at /Users/ryuseihosokawa/frontend_mentor12/node_modules/@babel/parser/lib/index.js:10305:39
      at TypeScriptParserMixin.allowInAnd (/Users/ryuseihosokawa/frontend_mentor12/node_modules/@babel/parser/lib/index.js:11932:16)
      at TypeScriptParserMixin.parseExpression (/Users/ryuseihosokawa/frontend_mentor12/node_modules/@babel/parser/lib/index.js:10305:17)
      at TypeScriptParserMixin.parseReturnStatement (/Users/ryuseihosokawa/frontend_mentor12/node_modules/@babel/parser/lib/index.js:12622:28)
      at TypeScriptParserMixin.parseStatementContent (/Users/ryuseihosokawa/frontend_mentor12/node_modules/@babel/parser/lib/index.js:12274:21)
      at TypeScriptParserMixin.parseStatementContent (/Users/ryuseihosokawa/frontend_mentor12/node_modules/@babel/parser/lib/index.js:9157:18)
      at TypeScriptParserMixin.parseStatementLike (/Users/ryuseihosokawa/frontend_mentor12/node_modules/@babel/parser/lib/index.js:12243:17)
      at TypeScriptParserMixin.parseStatementListItem (/Users/ryuseihosokawa/frontend_mentor12/node_modules/@babel/parser/lib/index.js:12223:17)
      at TypeScriptParserMixin.parseBlockOrModuleBlockBody (/Users/ryuseihosokawa/frontend_mentor12/node_modules/@babel/parser/lib/index.js:12796:61)
      at TypeScriptParserMixin.parseBlockBody (/Users/ryuseihosokawa/frontend_mentor12/node_modules/@babel/parser/lib/index.js:12789:10)
      at TypeScriptParserMixin.parseBlock (/Users/ryuseihosokawa/frontend_mentor12/node_modules/@babel/parser/lib/index.js:12777:10)
      at TypeScriptParserMixin.parseFunctionBody (/Users/ryuseihosokawa/frontend_mentor12/node_modules/@babel/parser/lib/index.js:11620:24)
      at TypeScriptParserMixin.parseFunctionBodyAndFinish (/Users/ryuseihosokawa/frontend_mentor12/node_modules/@babel/parser/lib/index.js:11606:10)
      at TypeScriptParserMixin.parseFunctionBodyAndFinish (/Users/ryuseihosokawa/frontend_mentor12/node_modules/@babel/parser/lib/index.js:8898:18)
      at /Users/ryuseihosokawa/frontend_mentor12/node_modules/@babel/parser/lib/index.js:12921:12
      at TypeScriptParserMixin.withSmartMixTopicForbiddingContext (/Users/ryuseihosokawa/frontend_mentor12/node_modules/@babel/parser/lib/index.js:11914:14)
      at TypeScriptParserMixin.parseFunction (/Users/ryuseihosokawa/frontend_mentor12/node_modules/@babel/parser/lib/index.js:12920:10)
6:31:24 PM [vite] hmr update /src/App.tsx
6:31:24 PM [vite] Internal server error: /Users/ryuseihosokawa/frontend_mentor12/src/App.tsx: Expected corresponding JSX closing tag for <div>. (8:14)

   6 |         <>
   7 |             <div className="inner">
>  8 |               < />
     |               ^
   9 |             </div>
  10 |         </>
  11 |     );
  Plugin: vite:react-babel
  File: /Users/ryuseihosokawa/frontend_mentor12/src/App.tsx:8:14
  6  |          <>
  7  |              <div className="inner">
  8  |                < />
     |                ^
  9  |              </div>
  10 |          </>
      at constructor (/Users/ryuseihosokawa/frontend_mentor12/node_modules/@babel/parser/lib/index.js:362:19)
      at TypeScriptParserMixin.raise (/Users/ryuseihosokawa/frontend_mentor12/node_modules/@babel/parser/lib/index.js:3259:19)
      at TypeScriptParserMixin.jsxParseElementAt (/Users/ryuseihosokawa/frontend_mentor12/node_modules/@babel/parser/lib/index.js:6769:14)
      at TypeScriptParserMixin.jsxParseElementAt (/Users/ryuseihosokawa/frontend_mentor12/node_modules/@babel/parser/lib/index.js:6745:32)
      at TypeScriptParserMixin.jsxParseElement (/Users/ryuseihosokawa/frontend_mentor12/node_modules/@babel/parser/lib/index.js:6796:17)
      at TypeScriptParserMixin.parseExprAtom (/Users/ryuseihosokawa/frontend_mentor12/node_modules/@babel/parser/lib/index.js:6806:19)
      at TypeScriptParserMixin.parseExprSubscripts (/Users/ryuseihosokawa/frontend_mentor12/node_modules/@babel/parser/lib/index.js:10591:23)
      at TypeScriptParserMixin.parseUpdate (/Users/ryuseihosokawa/frontend_mentor12/node_modules/@babel/parser/lib/index.js:10576:21)
      at TypeScriptParserMixin.parseMaybeUnary (/Users/ryuseihosokawa/frontend_mentor12/node_modules/@babel/parser/lib/index.js:10556:23)
      at TypeScriptParserMixin.parseMaybeUnary (/Users/ryuseihosokawa/frontend_mentor12/node_modules/@babel/parser/lib/index.js:9483:18)
      at TypeScriptParserMixin.parseMaybeUnaryOrPrivate (/Users/ryuseihosokawa/frontend_mentor12/node_modules/@babel/parser/lib/index.js:10410:61)
      at TypeScriptParserMixin.parseExprOps (/Users/ryuseihosokawa/frontend_mentor12/node_modules/@babel/parser/lib/index.js:10415:23)
      at TypeScriptParserMixin.parseMaybeConditional (/Users/ryuseihosokawa/frontend_mentor12/node_modules/@babel/parser/lib/index.js:10392:23)
      at TypeScriptParserMixin.parseMaybeAssign (/Users/ryuseihosokawa/frontend_mentor12/node_modules/@babel/parser/lib/index.js:10355:21)
      at /Users/ryuseihosokawa/frontend_mentor12/node_modules/@babel/parser/lib/index.js:9421:39
      at TypeScriptParserMixin.tryParse (/Users/ryuseihosokawa/frontend_mentor12/node_modules/@babel/parser/lib/index.js:3597:20)
      at TypeScriptParserMixin.parseMaybeAssign (/Users/ryuseihosokawa/frontend_mentor12/node_modules/@babel/parser/lib/index.js:9421:18)
      at /Users/ryuseihosokawa/frontend_mentor12/node_modules/@babel/parser/lib/index.js:10325:39
      at TypeScriptParserMixin.allowInAnd (/Users/ryuseihosokawa/frontend_mentor12/node_modules/@babel/parser/lib/index.js:11937:12)
      at TypeScriptParserMixin.parseMaybeAssignAllowIn (/Users/ryuseihosokawa/frontend_mentor12/node_modules/@babel/parser/lib/index.js:10325:17)
      at TypeScriptParserMixin.parseParenAndDistinguishExpression (/Users/ryuseihosokawa/frontend_mentor12/node_modules/@babel/parser/lib/index.js:11196:28)
      at TypeScriptParserMixin.parseExprAtom (/Users/ryuseihosokawa/frontend_mentor12/node_modules/@babel/parser/lib/index.js:10849:23)
      at TypeScriptParserMixin.parseExprAtom (/Users/ryuseihosokawa/frontend_mentor12/node_modules/@babel/parser/lib/index.js:6811:20)
      at TypeScriptParserMixin.parseExprSubscripts (/Users/ryuseihosokawa/frontend_mentor12/node_modules/@babel/parser/lib/index.js:10591:23)
      at TypeScriptParserMixin.parseUpdate (/Users/ryuseihosokawa/frontend_mentor12/node_modules/@babel/parser/lib/index.js:10576:21)
      at TypeScriptParserMixin.parseMaybeUnary (/Users/ryuseihosokawa/frontend_mentor12/node_modules/@babel/parser/lib/index.js:10556:23)
      at TypeScriptParserMixin.parseMaybeUnary (/Users/ryuseihosokawa/frontend_mentor12/node_modules/@babel/parser/lib/index.js:9483:18)
      at TypeScriptParserMixin.parseMaybeUnaryOrPrivate (/Users/ryuseihosokawa/frontend_mentor12/node_modules/@babel/parser/lib/index.js:10410:61)
      at TypeScriptParserMixin.parseExprOps (/Users/ryuseihosokawa/frontend_mentor12/node_modules/@babel/parser/lib/index.js:10415:23)
      at TypeScriptParserMixin.parseMaybeConditional (/Users/ryuseihosokawa/frontend_mentor12/node_modules/@babel/parser/lib/index.js:10392:23)
      at TypeScriptParserMixin.parseMaybeAssign (/Users/ryuseihosokawa/frontend_mentor12/node_modules/@babel/parser/lib/index.js:10355:21)
      at TypeScriptParserMixin.parseMaybeAssign (/Users/ryuseihosokawa/frontend_mentor12/node_modules/@babel/parser/lib/index.js:9432:20)
      at TypeScriptParserMixin.parseExpressionBase (/Users/ryuseihosokawa/frontend_mentor12/node_modules/@babel/parser/lib/index.js:10309:23)
      at /Users/ryuseihosokawa/frontend_mentor12/node_modules/@babel/parser/lib/index.js:10305:39
      at TypeScriptParserMixin.allowInAnd (/Users/ryuseihosokawa/frontend_mentor12/node_modules/@babel/parser/lib/index.js:11932:16)
      at TypeScriptParserMixin.parseExpression (/Users/ryuseihosokawa/frontend_mentor12/node_modules/@babel/parser/lib/index.js:10305:17)
      at TypeScriptParserMixin.parseReturnStatement (/Users/ryuseihosokawa/frontend_mentor12/node_modules/@babel/parser/lib/index.js:12622:28)
      at TypeScriptParserMixin.parseStatementContent (/Users/ryuseihosokawa/frontend_mentor12/node_modules/@babel/parser/lib/index.js:12274:21)
      at TypeScriptParserMixin.parseStatementContent (/Users/ryuseihosokawa/frontend_mentor12/node_modules/@babel/parser/lib/index.js:9157:18)
      at TypeScriptParserMixin.parseStatementLike (/Users/ryuseihosokawa/frontend_mentor12/node_modules/@babel/parser/lib/index.js:12243:17)
      at TypeScriptParserMixin.parseStatementListItem (/Users/ryuseihosokawa/frontend_mentor12/node_modules/@babel/parser/lib/index.js:12223:17)
      at TypeScriptParserMixin.parseBlockOrModuleBlockBody (/Users/ryuseihosokawa/frontend_mentor12/node_modules/@babel/parser/lib/index.js:12796:61)
      at TypeScriptParserMixin.parseBlockBody (/Users/ryuseihosokawa/frontend_mentor12/node_modules/@babel/parser/lib/index.js:12789:10)
      at TypeScriptParserMixin.parseBlock (/Users/ryuseihosokawa/frontend_mentor12/node_modules/@babel/parser/lib/index.js:12777:10)
      at TypeScriptParserMixin.parseFunctionBody (/Users/ryuseihosokawa/frontend_mentor12/node_modules/@babel/parser/lib/index.js:11620:24)
      at TypeScriptParserMixin.parseFunctionBodyAndFinish (/Users/ryuseihosokawa/frontend_mentor12/node_modules/@babel/parser/lib/index.js:11606:10)
      at TypeScriptParserMixin.parseFunctionBodyAndFinish (/Users/ryuseihosokawa/frontend_mentor12/node_modules/@babel/parser/lib/index.js:8898:18)
      at /Users/ryuseihosokawa/frontend_mentor12/node_modules/@babel/parser/lib/index.js:12921:12
      at TypeScriptParserMixin.withSmartMixTopicForbiddingContext (/Users/ryuseihosokawa/frontend_mentor12/node_modules/@babel/parser/lib/index.js:11914:14)
      at TypeScriptParserMixin.parseFunction (/Users/ryuseihosokawa/frontend_mentor12/node_modules/@babel/parser/lib/index.js:12920:10)
6:32:26 PM [vite] hmr update /src/App.tsx
6:32:26 PM [vite] Internal server error: /Users/ryuseihosokawa/frontend_mentor12/src/App.tsx: Expected corresponding JSX closing tag for <div>. (8:14)

   6 |         <>
   7 |             <div className="inner">
>  8 |               < />
     |               ^
   9 |             </div>
  10 |         </>
  11 |     );
  Plugin: vite:react-babel
  File: /Users/ryuseihosokawa/frontend_mentor12/src/App.tsx:8:14
  6  |          <>
  7  |              <div className="inner">
  8  |                < />
     |                ^
  9  |              </div>
  10 |          </>
      at constructor (/Users/ryuseihosokawa/frontend_mentor12/node_modules/@babel/parser/lib/index.js:362:19)
      at TypeScriptParserMixin.raise (/Users/ryuseihosokawa/frontend_mentor12/node_modules/@babel/parser/lib/index.js:3259:19)
      at TypeScriptParserMixin.jsxParseElementAt (/Users/ryuseihosokawa/frontend_mentor12/node_modules/@babel/parser/lib/index.js:6769:14)
      at TypeScriptParserMixin.jsxParseElementAt (/Users/ryuseihosokawa/frontend_mentor12/node_modules/@babel/parser/lib/index.js:6745:32)
      at TypeScriptParserMixin.jsxParseElement (/Users/ryuseihosokawa/frontend_mentor12/node_modules/@babel/parser/lib/index.js:6796:17)
      at TypeScriptParserMixin.parseExprAtom (/Users/ryuseihosokawa/frontend_mentor12/node_modules/@babel/parser/lib/index.js:6806:19)
      at TypeScriptParserMixin.parseExprSubscripts (/Users/ryuseihosokawa/frontend_mentor12/node_modules/@babel/parser/lib/index.js:10591:23)
      at TypeScriptParserMixin.parseUpdate (/Users/ryuseihosokawa/frontend_mentor12/node_modules/@babel/parser/lib/index.js:10576:21)
      at TypeScriptParserMixin.parseMaybeUnary (/Users/ryuseihosokawa/frontend_mentor12/node_modules/@babel/parser/lib/index.js:10556:23)
      at TypeScriptParserMixin.parseMaybeUnary (/Users/ryuseihosokawa/frontend_mentor12/node_modules/@babel/parser/lib/index.js:9483:18)
      at TypeScriptParserMixin.parseMaybeUnaryOrPrivate (/Users/ryuseihosokawa/frontend_mentor12/node_modules/@babel/parser/lib/index.js:10410:61)
      at TypeScriptParserMixin.parseExprOps (/Users/ryuseihosokawa/frontend_mentor12/node_modules/@babel/parser/lib/index.js:10415:23)
      at TypeScriptParserMixin.parseMaybeConditional (/Users/ryuseihosokawa/frontend_mentor12/node_modules/@babel/parser/lib/index.js:10392:23)
      at TypeScriptParserMixin.parseMaybeAssign (/Users/ryuseihosokawa/frontend_mentor12/node_modules/@babel/parser/lib/index.js:10355:21)
      at /Users/ryuseihosokawa/frontend_mentor12/node_modules/@babel/parser/lib/index.js:9421:39
      at TypeScriptParserMixin.tryParse (/Users/ryuseihosokawa/frontend_mentor12/node_modules/@babel/parser/lib/index.js:3597:20)
      at TypeScriptParserMixin.parseMaybeAssign (/Users/ryuseihosokawa/frontend_mentor12/node_modules/@babel/parser/lib/index.js:9421:18)
      at /Users/ryuseihosokawa/frontend_mentor12/node_modules/@babel/parser/lib/index.js:10325:39
      at TypeScriptParserMixin.allowInAnd (/Users/ryuseihosokawa/frontend_mentor12/node_modules/@babel/parser/lib/index.js:11937:12)
      at TypeScriptParserMixin.parseMaybeAssignAllowIn (/Users/ryuseihosokawa/frontend_mentor12/node_modules/@babel/parser/lib/index.js:10325:17)
      at TypeScriptParserMixin.parseParenAndDistinguishExpression (/Users/ryuseihosokawa/frontend_mentor12/node_modules/@babel/parser/lib/index.js:11196:28)
      at TypeScriptParserMixin.parseExprAtom (/Users/ryuseihosokawa/frontend_mentor12/node_modules/@babel/parser/lib/index.js:10849:23)
      at TypeScriptParserMixin.parseExprAtom (/Users/ryuseihosokawa/frontend_mentor12/node_modules/@babel/parser/lib/index.js:6811:20)
      at TypeScriptParserMixin.parseExprSubscripts (/Users/ryuseihosokawa/frontend_mentor12/node_modules/@babel/parser/lib/index.js:10591:23)
      at TypeScriptParserMixin.parseUpdate (/Users/ryuseihosokawa/frontend_mentor12/node_modules/@babel/parser/lib/index.js:10576:21)
      at TypeScriptParserMixin.parseMaybeUnary (/Users/ryuseihosokawa/frontend_mentor12/node_modules/@babel/parser/lib/index.js:10556:23)
      at TypeScriptParserMixin.parseMaybeUnary (/Users/ryuseihosokawa/frontend_mentor12/node_modules/@babel/parser/lib/index.js:9483:18)
      at TypeScriptParserMixin.parseMaybeUnaryOrPrivate (/Users/ryuseihosokawa/frontend_mentor12/node_modules/@babel/parser/lib/index.js:10410:61)
      at TypeScriptParserMixin.parseExprOps (/Users/ryuseihosokawa/frontend_mentor12/node_modules/@babel/parser/lib/index.js:10415:23)
      at TypeScriptParserMixin.parseMaybeConditional (/Users/ryuseihosokawa/frontend_mentor12/node_modules/@babel/parser/lib/index.js:10392:23)
      at TypeScriptParserMixin.parseMaybeAssign (/Users/ryuseihosokawa/frontend_mentor12/node_modules/@babel/parser/lib/index.js:10355:21)
      at TypeScriptParserMixin.parseMaybeAssign (/Users/ryuseihosokawa/frontend_mentor12/node_modules/@babel/parser/lib/index.js:9432:20)
      at TypeScriptParserMixin.parseExpressionBase (/Users/ryuseihosokawa/frontend_mentor12/node_modules/@babel/parser/lib/index.js:10309:23)
      at /Users/ryuseihosokawa/frontend_mentor12/node_modules/@babel/parser/lib/index.js:10305:39
      at TypeScriptParserMixin.allowInAnd (/Users/ryuseihosokawa/frontend_mentor12/node_modules/@babel/parser/lib/index.js:11932:16)
      at TypeScriptParserMixin.parseExpression (/Users/ryuseihosokawa/frontend_mentor12/node_modules/@babel/parser/lib/index.js:10305:17)
      at TypeScriptParserMixin.parseReturnStatement (/Users/ryuseihosokawa/frontend_mentor12/node_modules/@babel/parser/lib/index.js:12622:28)
      at TypeScriptParserMixin.parseStatementContent (/Users/ryuseihosokawa/frontend_mentor12/node_modules/@babel/parser/lib/index.js:12274:21)
      at TypeScriptParserMixin.parseStatementContent (/Users/ryuseihosokawa/frontend_mentor12/node_modules/@babel/parser/lib/index.js:9157:18)
      at TypeScriptParserMixin.parseStatementLike (/Users/ryuseihosokawa/frontend_mentor12/node_modules/@babel/parser/lib/index.js:12243:17)
      at TypeScriptParserMixin.parseStatementListItem (/Users/ryuseihosokawa/frontend_mentor12/node_modules/@babel/parser/lib/index.js:12223:17)
      at TypeScriptParserMixin.parseBlockOrModuleBlockBody (/Users/ryuseihosokawa/frontend_mentor12/node_modules/@babel/parser/lib/index.js:12796:61)
      at TypeScriptParserMixin.parseBlockBody (/Users/ryuseihosokawa/frontend_mentor12/node_modules/@babel/parser/lib/index.js:12789:10)
      at TypeScriptParserMixin.parseBlock (/Users/ryuseihosokawa/frontend_mentor12/node_modules/@babel/parser/lib/index.js:12777:10)
      at TypeScriptParserMixin.parseFunctionBody (/Users/ryuseihosokawa/frontend_mentor12/node_modules/@babel/parser/lib/index.js:11620:24)
      at TypeScriptParserMixin.parseFunctionBodyAndFinish (/Users/ryuseihosokawa/frontend_mentor12/node_modules/@babel/parser/lib/index.js:11606:10)
      at TypeScriptParserMixin.parseFunctionBodyAndFinish (/Users/ryuseihosokawa/frontend_mentor12/node_modules/@babel/parser/lib/index.js:8898:18)
      at /Users/ryuseihosokawa/frontend_mentor12/node_modules/@babel/parser/lib/index.js:12921:12
      at TypeScriptParserMixin.withSmartMixTopicForbiddingContext (/Users/ryuseihosokawa/frontend_mentor12/node_modules/@babel/parser/lib/index.js:11914:14)
      at TypeScriptParserMixin.parseFunction (/Users/ryuseihosokawa/frontend_mentor12/node_modules/@babel/parser/lib/index.js:12920:10)
6:32:39 PM [vite] hmr update /src/App.tsx
6:32:39 PM [vite] Internal server error: Failed to resolve import "Subscribe./.tsx" from "src/App.tsx". Does the file exist?
  Plugin: vite:import-analysis
  File: /Users/ryuseihosokawa/frontend_mentor12/src/App.tsx:2:22
  15 |    window.$RefreshSig$ = RefreshRuntime.createSignatureFunctionForTransform;
  16 |  }
  17 |  import Subscribe from "Subscribe./.tsx";
     |                         ^
  18 |  function App() {
  19 |    return /* @__PURE__ */ jsxDEV(Fragment, { children: /* @__PURE__ */ jsxDEV("div", { className: "inner", children: /* @__PURE__ */ jsxDEV(Subscribe, {}, void 0, false, {
      at formatError (file:///Users/ryuseihosokawa/frontend_mentor12/node_modules/vite/dist/node/chunks/dep-b2890f90.js:44062:46)
      at TransformContext.error (file:///Users/ryuseihosokawa/frontend_mentor12/node_modules/vite/dist/node/chunks/dep-b2890f90.js:44058:19)
      at normalizeUrl (file:///Users/ryuseihosokawa/frontend_mentor12/node_modules/vite/dist/node/chunks/dep-b2890f90.js:41844:33)
      at runMicrotasks (<anonymous>)
      at processTicksAndRejections (node:internal/process/task_queues:96:5)
      at async file:///Users/ryuseihosokawa/frontend_mentor12/node_modules/vite/dist/node/chunks/dep-b2890f90.js:41998:47
      at async Promise.all (index 3)
      at async TransformContext.transform (file:///Users/ryuseihosokawa/frontend_mentor12/node_modules/vite/dist/node/chunks/dep-b2890f90.js:41914:13)
      at async Object.transform (file:///Users/ryuseihosokawa/frontend_mentor12/node_modules/vite/dist/node/chunks/dep-b2890f90.js:44352:30)
      at async loadAndTransform (file:///Users/ryuseihosokawa/frontend_mentor12/node_modules/vite/dist/node/chunks/dep-b2890f90.js:55026:29)
      at async viteTransformMiddleware (file:///Users/ryuseihosokawa/frontend_mentor12/node_modules/vite/dist/node/chunks/dep-b2890f90.js:64434:32)
6:34:21 PM [vite] page reload src/App.tsx
Failed to resolve import "SubscriptionCard./.tsx" from "src/App.tsx". Does the file exist?
6:34:21 PM [vite] Internal server error: Failed to resolve import "SubscriptionCard./.tsx" from "src/App.tsx". Does the file exist?
  Plugin: vite:import-analysis
  File: /Users/ryuseihosokawa/frontend_mentor12/src/App.tsx:2:29
  15 |    window.$RefreshSig$ = RefreshRuntime.createSignatureFunctionForTransform;
  16 |  }
  17 |  import SubscriptionCard from "SubscriptionCard./.tsx";
     |                                ^
  18 |  function App() {
  19 |    return /* @__PURE__ */ jsxDEV(Fragment, { children: /* @__PURE__ */ jsxDEV("div", { className: "inner", children: /* @__PURE__ */ jsxDEV(SubscriptionCard, {}, void 0, false, {
      at formatError (file:///Users/ryuseihosokawa/frontend_mentor12/node_modules/vite/dist/node/chunks/dep-b2890f90.js:44062:46)
      at TransformContext.error (file:///Users/ryuseihosokawa/frontend_mentor12/node_modules/vite/dist/node/chunks/dep-b2890f90.js:44058:19)
      at normalizeUrl (file:///Users/ryuseihosokawa/frontend_mentor12/node_modules/vite/dist/node/chunks/dep-b2890f90.js:41844:33)
      at runMicrotasks (<anonymous>)
      at processTicksAndRejections (node:internal/process/task_queues:96:5)
      at async file:///Users/ryuseihosokawa/frontend_mentor12/node_modules/vite/dist/node/chunks/dep-b2890f90.js:41998:47
      at async Promise.all (index 3)
      at async TransformContext.transform (file:///Users/ryuseihosokawa/frontend_mentor12/node_modules/vite/dist/node/chunks/dep-b2890f90.js:41914:13)
      at async Object.transform (file:///Users/ryuseihosokawa/frontend_mentor12/node_modules/vite/dist/node/chunks/dep-b2890f90.js:44352:30)
      at async loadAndTransform (file:///Users/ryuseihosokawa/frontend_mentor12/node_modules/vite/dist/node/chunks/dep-b2890f90.js:55026:29)
      at async viteTransformMiddleware (file:///Users/ryuseihosokawa/frontend_mentor12/node_modules/vite/dist/node/chunks/dep-b2890f90.js:64434:32)
6:34:39 PM [vite] page reload src/App.tsx
Failed to resolve import "SubscriptionCard.tsx" from "src/App.tsx". Does the file exist?
6:34:39 PM [vite] Internal server error: Failed to resolve import "SubscriptionCard.tsx" from "src/App.tsx". Does the file exist?
  Plugin: vite:import-analysis
  File: /Users/ryuseihosokawa/frontend_mentor12/src/App.tsx:2:29
  15 |    window.$RefreshSig$ = RefreshRuntime.createSignatureFunctionForTransform;
  16 |  }
  17 |  import SubscriptionCard from "SubscriptionCard.tsx";
     |                                ^
  18 |  function App() {
  19 |    return /* @__PURE__ */ jsxDEV(Fragment, { children: /* @__PURE__ */ jsxDEV("div", { className: "inner", children: /* @__PURE__ */ jsxDEV(SubscriptionCard, {}, void 0, false, {
      at formatError (file:///Users/ryuseihosokawa/frontend_mentor12/node_modules/vite/dist/node/chunks/dep-b2890f90.js:44062:46)
      at TransformContext.error (file:///Users/ryuseihosokawa/frontend_mentor12/node_modules/vite/dist/node/chunks/dep-b2890f90.js:44058:19)
      at normalizeUrl (file:///Users/ryuseihosokawa/frontend_mentor12/node_modules/vite/dist/node/chunks/dep-b2890f90.js:41844:33)
      at runMicrotasks (<anonymous>)
      at processTicksAndRejections (node:internal/process/task_queues:96:5)
      at async file:///Users/ryuseihosokawa/frontend_mentor12/node_modules/vite/dist/node/chunks/dep-b2890f90.js:41998:47
      at async Promise.all (index 3)
      at async TransformContext.transform (file:///Users/ryuseihosokawa/frontend_mentor12/node_modules/vite/dist/node/chunks/dep-b2890f90.js:41914:13)
      at async Object.transform (file:///Users/ryuseihosokawa/frontend_mentor12/node_modules/vite/dist/node/chunks/dep-b2890f90.js:44352:30)
      at async loadAndTransform (file:///Users/ryuseihosokawa/frontend_mentor12/node_modules/vite/dist/node/chunks/dep-b2890f90.js:55026:29)
      at async viteTransformMiddleware (file:///Users/ryuseihosokawa/frontend_mentor12/node_modules/vite/dist/node/chunks/dep-b2890f90.js:64434:32)
6:35:06 PM [vite] page reload src/App.tsx
6:35:22 PM [vite] hmr update /src/css/main.css
6:35:28 PM [vite] hmr update /src/css/main.css
6:35:59 PM [vite] hmr update /src/css/main.css
6:39:27 PM [vite] hmr update /src/css/main.css
6:39:29 PM [vite] hmr update /src/css/main.css
6:39:38 PM [vite] hmr update /src/css/main.css
6:39:39 PM [vite] hmr update /src/css/main.css
6:40:04 PM [vite] hmr update /src/css/main.css
6:42:19 PM [vite] hmr update /src/Subscribe.tsx
6:42:24 PM [vite] hmr update /src/Subscribe.tsx
6:44:39 PM [vite] hmr update /src/Subscribe.tsx
6:44:48 PM [vite] hmr update /src/Subscribe.tsx
6:54:51 PM [vite] hmr update /src/Subscribe.tsx
6:55:00 PM [vite] hmr update /src/Subscribe.tsx
6:55:32 PM [vite] hmr update /src/Subscribe.tsx
6:55:54 PM [vite] hmr update /src/Subscribe.tsx
6:58:40 PM [vite] hmr update /src/Subscribe.tsx
6:59:24 PM [vite] hmr update /src/Subscribe.tsx
6:59:38 PM [vite] hmr update /src/Subscribe.tsx
6:59:46 PM [vite] hmr update /src/Subscribe.tsx
6:59:51 PM [vite] hmr update /src/Subscribe.tsx
6:59:55 PM [vite] hmr update /src/Subscribe.tsx
7:00:34 PM [vite] hmr update /src/Subscribe.tsx
7:00:34 PM [vite] Internal server error: /Users/ryuseihosokawa/frontend_mentor12/src/Subscribe.tsx: Expected corresponding JSX closing tag for <br>. (33:229)

  31 |                 <div className="third-contents">
  32 |                     <h2 className="third-contents__title">Why Us</h2>
> 33 |                     <p className="service-benefits">Tutorials by industry experts <br>Peer & expert code review <br>Coding exercises <br>Access to our GitHub repos <br>Community forum <br>Flashcard decks <br>New videos every week</p>
     |                                                                                                                                                                                                                                      ^
  34 |                 </div>
  35 |             </div>
  36 |         </div>
  Plugin: vite:react-babel
  File: /Users/ryuseihosokawa/frontend_mentor12/src/Subscribe.tsx:33:229
  31 |                  <div className="third-contents">
  32 |                      <h2 className="third-contents__title">Why Us</h2>
  33 |                      <p className="service-benefits">Tutorials by industry experts <br>Peer & expert code review <br>Coding exercises <br>Access to our GitHub repos <br>Community forum <br>Flashcard decks <br>New videos every week</p>
     |                                                                                                                                                                                                                                       ^
  34 |                  </div>
  35 |              </div>
      at constructor (/Users/ryuseihosokawa/frontend_mentor12/node_modules/@babel/parser/lib/index.js:362:19)
      at TypeScriptParserMixin.raise (/Users/ryuseihosokawa/frontend_mentor12/node_modules/@babel/parser/lib/index.js:3259:19)
      at TypeScriptParserMixin.jsxParseElementAt (/Users/ryuseihosokawa/frontend_mentor12/node_modules/@babel/parser/lib/index.js:6774:16)
      at TypeScriptParserMixin.jsxParseElementAt (/Users/ryuseihosokawa/frontend_mentor12/node_modules/@babel/parser/lib/index.js:6745:32)
      at TypeScriptParserMixin.jsxParseElementAt (/Users/ryuseihosokawa/frontend_mentor12/node_modules/@babel/parser/lib/index.js:6745:32)
      at TypeScriptParserMixin.jsxParseElementAt (/Users/ryuseihosokawa/frontend_mentor12/node_modules/@babel/parser/lib/index.js:6745:32)
      at TypeScriptParserMixin.jsxParseElementAt (/Users/ryuseihosokawa/frontend_mentor12/node_modules/@babel/parser/lib/index.js:6745:32)
      at TypeScriptParserMixin.jsxParseElementAt (/Users/ryuseihosokawa/frontend_mentor12/node_modules/@babel/parser/lib/index.js:6745:32)
      at TypeScriptParserMixin.jsxParseElementAt (/Users/ryuseihosokawa/frontend_mentor12/node_modules/@babel/parser/lib/index.js:6745:32)
      at TypeScriptParserMixin.jsxParseElementAt (/Users/ryuseihosokawa/frontend_mentor12/node_modules/@babel/parser/lib/index.js:6745:32)
      at TypeScriptParserMixin.jsxParseElementAt (/Users/ryuseihosokawa/frontend_mentor12/node_modules/@babel/parser/lib/index.js:6745:32)
      at TypeScriptParserMixin.jsxParseElementAt (/Users/ryuseihosokawa/frontend_mentor12/node_modules/@babel/parser/lib/index.js:6745:32)
      at TypeScriptParserMixin.jsxParseElement (/Users/ryuseihosokawa/frontend_mentor12/node_modules/@babel/parser/lib/index.js:6796:17)
      at TypeScriptParserMixin.parseExprAtom (/Users/ryuseihosokawa/frontend_mentor12/node_modules/@babel/parser/lib/index.js:6806:19)
      at TypeScriptParserMixin.parseExprSubscripts (/Users/ryuseihosokawa/frontend_mentor12/node_modules/@babel/parser/lib/index.js:10591:23)
      at TypeScriptParserMixin.parseUpdate (/Users/ryuseihosokawa/frontend_mentor12/node_modules/@babel/parser/lib/index.js:10576:21)
      at TypeScriptParserMixin.parseMaybeUnary (/Users/ryuseihosokawa/frontend_mentor12/node_modules/@babel/parser/lib/index.js:10556:23)
      at TypeScriptParserMixin.parseMaybeUnary (/Users/ryuseihosokawa/frontend_mentor12/node_modules/@babel/parser/lib/index.js:9483:18)
      at TypeScriptParserMixin.parseMaybeUnaryOrPrivate (/Users/ryuseihosokawa/frontend_mentor12/node_modules/@babel/parser/lib/index.js:10410:61)
      at TypeScriptParserMixin.parseExprOps (/Users/ryuseihosokawa/frontend_mentor12/node_modules/@babel/parser/lib/index.js:10415:23)
      at TypeScriptParserMixin.parseMaybeConditional (/Users/ryuseihosokawa/frontend_mentor12/node_modules/@babel/parser/lib/index.js:10392:23)
      at TypeScriptParserMixin.parseMaybeAssign (/Users/ryuseihosokawa/frontend_mentor12/node_modules/@babel/parser/lib/index.js:10355:21)
      at /Users/ryuseihosokawa/frontend_mentor12/node_modules/@babel/parser/lib/index.js:9421:39
      at TypeScriptParserMixin.tryParse (/Users/ryuseihosokawa/frontend_mentor12/node_modules/@babel/parser/lib/index.js:3597:20)
      at TypeScriptParserMixin.parseMaybeAssign (/Users/ryuseihosokawa/frontend_mentor12/node_modules/@babel/parser/lib/index.js:9421:18)
      at /Users/ryuseihosokawa/frontend_mentor12/node_modules/@babel/parser/lib/index.js:10325:39
      at TypeScriptParserMixin.allowInAnd (/Users/ryuseihosokawa/frontend_mentor12/node_modules/@babel/parser/lib/index.js:11937:12)
      at TypeScriptParserMixin.parseMaybeAssignAllowIn (/Users/ryuseihosokawa/frontend_mentor12/node_modules/@babel/parser/lib/index.js:10325:17)
      at TypeScriptParserMixin.parseParenAndDistinguishExpression (/Users/ryuseihosokawa/frontend_mentor12/node_modules/@babel/parser/lib/index.js:11196:28)
      at TypeScriptParserMixin.parseExprAtom (/Users/ryuseihosokawa/frontend_mentor12/node_modules/@babel/parser/lib/index.js:10849:23)
      at TypeScriptParserMixin.parseExprAtom (/Users/ryuseihosokawa/frontend_mentor12/node_modules/@babel/parser/lib/index.js:6811:20)
      at TypeScriptParserMixin.parseExprSubscripts (/Users/ryuseihosokawa/frontend_mentor12/node_modules/@babel/parser/lib/index.js:10591:23)
      at TypeScriptParserMixin.parseUpdate (/Users/ryuseihosokawa/frontend_mentor12/node_modules/@babel/parser/lib/index.js:10576:21)
      at TypeScriptParserMixin.parseMaybeUnary (/Users/ryuseihosokawa/frontend_mentor12/node_modules/@babel/parser/lib/index.js:10556:23)
      at TypeScriptParserMixin.parseMaybeUnary (/Users/ryuseihosokawa/frontend_mentor12/node_modules/@babel/parser/lib/index.js:9483:18)
      at TypeScriptParserMixin.parseMaybeUnaryOrPrivate (/Users/ryuseihosokawa/frontend_mentor12/node_modules/@babel/parser/lib/index.js:10410:61)
      at TypeScriptParserMixin.parseExprOps (/Users/ryuseihosokawa/frontend_mentor12/node_modules/@babel/parser/lib/index.js:10415:23)
      at TypeScriptParserMixin.parseMaybeConditional (/Users/ryuseihosokawa/frontend_mentor12/node_modules/@babel/parser/lib/index.js:10392:23)
      at TypeScriptParserMixin.parseMaybeAssign (/Users/ryuseihosokawa/frontend_mentor12/node_modules/@babel/parser/lib/index.js:10355:21)
      at TypeScriptParserMixin.parseMaybeAssign (/Users/ryuseihosokawa/frontend_mentor12/node_modules/@babel/parser/lib/index.js:9432:20)
      at TypeScriptParserMixin.parseExpressionBase (/Users/ryuseihosokawa/frontend_mentor12/node_modules/@babel/parser/lib/index.js:10309:23)
      at /Users/ryuseihosokawa/frontend_mentor12/node_modules/@babel/parser/lib/index.js:10305:39
      at TypeScriptParserMixin.allowInAnd (/Users/ryuseihosokawa/frontend_mentor12/node_modules/@babel/parser/lib/index.js:11932:16)
      at TypeScriptParserMixin.parseExpression (/Users/ryuseihosokawa/frontend_mentor12/node_modules/@babel/parser/lib/index.js:10305:17)
      at TypeScriptParserMixin.parseReturnStatement (/Users/ryuseihosokawa/frontend_mentor12/node_modules/@babel/parser/lib/index.js:12622:28)
      at TypeScriptParserMixin.parseStatementContent (/Users/ryuseihosokawa/frontend_mentor12/node_modules/@babel/parser/lib/index.js:12274:21)
      at TypeScriptParserMixin.parseStatementContent (/Users/ryuseihosokawa/frontend_mentor12/node_modules/@babel/parser/lib/index.js:9157:18)
      at TypeScriptParserMixin.parseStatementLike (/Users/ryuseihosokawa/frontend_mentor12/node_modules/@babel/parser/lib/index.js:12243:17)
      at TypeScriptParserMixin.parseStatementListItem (/Users/ryuseihosokawa/frontend_mentor12/node_modules/@babel/parser/lib/index.js:12223:17)
      at TypeScriptParserMixin.parseBlockOrModuleBlockBody (/Users/ryuseihosokawa/frontend_mentor12/node_modules/@babel/parser/lib/index.js:12796:61)
7:00:38 PM [vite] hmr update /src/Subscribe.tsx
7:00:53 PM [vite] hmr update /src/Subscribe.tsx
7:05:25 PM [vite] hmr update /src/Subscribe.tsx
7:05:25 PM [vite] warning: 
/Users/ryuseihosokawa/frontend_mentor12/src/Subscribe.tsx
15 |    window.$RefreshSig$ = RefreshRuntime.createSignatureFunctionForTransform;
16 |  }
17 |  import "";
   |          ^
18 |  export default function SubscriptionCard() {
19 |    return /* @__PURE__ */ jsxDEV("div", { className: "subscription-card", children: [
The above dynamic import cannot be analyzed by Vite.
See https://github.com/rollup/plugins/tree/master/packages/dynamic-import-vars#limitations for supported dynamic import formats. If this is intended to be left as-is, you can use the /* @vite-ignore */ comment inside the import() call to suppress this warning.

  Plugin: vite:import-analysis
  File: /Users/ryuseihosokawa/frontend_mentor12/src/Subscribe.tsx
7:05:25 PM [vite] Internal server error: Cannot overwrite a zero-length range – use appendLeft or prependRight instead
  Plugin: vite:import-analysis
  File: /Users/ryuseihosokawa/frontend_mentor12/src/Subscribe.tsx
      at MagicString.update (file:///Users/ryuseihosokawa/frontend_mentor12/node_modules/vite/dist/node/chunks/dep-b2890f90.js:15615:10)
      at MagicString.overwrite (file:///Users/ryuseihosokawa/frontend_mentor12/node_modules/vite/dist/node/chunks/dep-b2890f90.js:15604:15)
      at file:///Users/ryuseihosokawa/frontend_mentor12/node_modules/vite/dist/node/chunks/dep-b2890f90.js:42115:35
      at Array.map (<anonymous>)
      at TransformContext.transform (file:///Users/ryuseihosokawa/frontend_mentor12/node_modules/vite/dist/node/chunks/dep-b2890f90.js:41914:39)
      at runMicrotasks (<anonymous>)
      at processTicksAndRejections (node:internal/process/task_queues:96:5)
      at async Object.transform (file:///Users/ryuseihosokawa/frontend_mentor12/node_modules/vite/dist/node/chunks/dep-b2890f90.js:44352:30)
      at async loadAndTransform (file:///Users/ryuseihosokawa/frontend_mentor12/node_modules/vite/dist/node/chunks/dep-b2890f90.js:55026:29)
      at async viteTransformMiddleware (file:///Users/ryuseihosokawa/frontend_mentor12/node_modules/vite/dist/node/chunks/dep-b2890f90.js:64434:32)
7:05:27 PM [vite] hmr update /src/Subscribe.tsx
7:05:27 PM [vite] Internal server error: Failed to resolve import "./Subscribe.css" from "src/Subscribe.tsx". Does the file exist?
  Plugin: vite:import-analysis
  File: /Users/ryuseihosokawa/frontend_mentor12/src/Subscribe.tsx:2:7
  15 |    window.$RefreshSig$ = RefreshRuntime.createSignatureFunctionForTransform;
  16 |  }
  17 |  import "./Subscribe.css";
     |          ^
  18 |  export default function SubscriptionCard() {
  19 |    return /* @__PURE__ */ jsxDEV("div", { className: "subscription-card", children: [
      at formatError (file:///Users/ryuseihosokawa/frontend_mentor12/node_modules/vite/dist/node/chunks/dep-b2890f90.js:44062:46)
      at TransformContext.error (file:///Users/ryuseihosokawa/frontend_mentor12/node_modules/vite/dist/node/chunks/dep-b2890f90.js:44058:19)
      at normalizeUrl (file:///Users/ryuseihosokawa/frontend_mentor12/node_modules/vite/dist/node/chunks/dep-b2890f90.js:41844:33)
      at runMicrotasks (<anonymous>)
      at processTicksAndRejections (node:internal/process/task_queues:96:5)
      at async file:///Users/ryuseihosokawa/frontend_mentor12/node_modules/vite/dist/node/chunks/dep-b2890f90.js:41998:47
      at async Promise.all (index 3)
      at async TransformContext.transform (file:///Users/ryuseihosokawa/frontend_mentor12/node_modules/vite/dist/node/chunks/dep-b2890f90.js:41914:13)
      at async Object.transform (file:///Users/ryuseihosokawa/frontend_mentor12/node_modules/vite/dist/node/chunks/dep-b2890f90.js:44352:30)
      at async loadAndTransform (file:///Users/ryuseihosokawa/frontend_mentor12/node_modules/vite/dist/node/chunks/dep-b2890f90.js:55026:29)
      at async viteTransformMiddleware (file:///Users/ryuseihosokawa/frontend_mentor12/node_modules/vite/dist/node/chunks/dep-b2890f90.js:64434:32)
7:05:45 PM [vite] hmr update /src/App.tsx
Failed to resolve import "./Subscribe.css" from "src/Subscribe.tsx". Does the file exist?
7:06:23 PM [vite] hmr update /src/App.tsx
Failed to resolve import "./Subscribe.css" from "src/Subscribe.tsx". Does the file exist?
7:06:27 PM [vite] hmr update /src/App.tsx
7:06:30 PM [vite] hmr update /src/App.tsx
Failed to resolve import "./Subscribe.css" from "src/Subscribe.tsx". Does the file exist?
7:06:30 PM [vite] Internal server error: Failed to resolve import "./Subscribe.css" from "src/Subscribe.tsx". Does the file exist?
  Plugin: vite:import-analysis
  File: /Users/ryuseihosokawa/frontend_mentor12/src/Subscribe.tsx:2:7
  15 |    window.$RefreshSig$ = RefreshRuntime.createSignatureFunctionForTransform;
  16 |  }
  17 |  import "./Subscribe.css";
     |          ^
  18 |  export default function SubscriptionCard() {
  19 |    return /* @__PURE__ */ jsxDEV("div", { className: "subscription-card", children: [
      at formatError (file:///Users/ryuseihosokawa/frontend_mentor12/node_modules/vite/dist/node/chunks/dep-b2890f90.js:44062:46)
      at TransformContext.error (file:///Users/ryuseihosokawa/frontend_mentor12/node_modules/vite/dist/node/chunks/dep-b2890f90.js:44058:19)
      at normalizeUrl (file:///Users/ryuseihosokawa/frontend_mentor12/node_modules/vite/dist/node/chunks/dep-b2890f90.js:41844:33)
      at runMicrotasks (<anonymous>)
      at processTicksAndRejections (node:internal/process/task_queues:96:5)
      at async file:///Users/ryuseihosokawa/frontend_mentor12/node_modules/vite/dist/node/chunks/dep-b2890f90.js:41998:47
      at async Promise.all (index 3)
      at async TransformContext.transform (file:///Users/ryuseihosokawa/frontend_mentor12/node_modules/vite/dist/node/chunks/dep-b2890f90.js:41914:13)
      at async Object.transform (file:///Users/ryuseihosokawa/frontend_mentor12/node_modules/vite/dist/node/chunks/dep-b2890f90.js:44352:30)
      at async loadAndTransform (file:///Users/ryuseihosokawa/frontend_mentor12/node_modules/vite/dist/node/chunks/dep-b2890f90.js:55026:29)
      at async viteTransformMiddleware (file:///Users/ryuseihosokawa/frontend_mentor12/node_modules/vite/dist/node/chunks/dep-b2890f90.js:64434:32)
7:06:39 PM [vite] hmr update /src/App.tsx
/Users/ryuseihosokawa/frontend_mentor12/src/Subscribe.tsx: Identifier 'SubscriptionCard' has already been declared. (4:24)

  2 | import SubscriptionCard from './Subscribe.tsx'
  3 |
> 4 | export default function SubscriptionCard() {
    |                         ^
  5 |     return (
  6 |         <div className="subscription-card">
  7 |             <div className="first-contents">
7:06:39 PM [vite] Internal server error: /Users/ryuseihosokawa/frontend_mentor12/src/Subscribe.tsx: Identifier 'SubscriptionCard' has already been declared. (4:24)

  2 | import SubscriptionCard from './Subscribe.tsx'
  3 |
> 4 | export default function SubscriptionCard() {
    |                         ^
  5 |     return (
  6 |         <div className="subscription-card">
  7 |             <div className="first-contents">
  Plugin: vite:react-babel
  File: /Users/ryuseihosokawa/frontend_mentor12/src/Subscribe.tsx:4:24
  2  |  import SubscriptionCard from './Subscribe.tsx'
  3  |  
  4  |  export default function SubscriptionCard() {
     |                          ^
  5  |      return (
  6  |          <div className="subscription-card">
      at constructor (/Users/ryuseihosokawa/frontend_mentor12/node_modules/@babel/parser/lib/index.js:362:19)
      at TypeScriptParserMixin.raise (/Users/ryuseihosokawa/frontend_mentor12/node_modules/@babel/parser/lib/index.js:3259:19)
      at TypeScriptScopeHandler.checkRedeclarationInScope (/Users/ryuseihosokawa/frontend_mentor12/node_modules/@babel/parser/lib/index.js:1507:19)
      at TypeScriptScopeHandler.declareName (/Users/ryuseihosokawa/frontend_mentor12/node_modules/@babel/parser/lib/index.js:1473:12)
      at TypeScriptScopeHandler.declareName (/Users/ryuseihosokawa/frontend_mentor12/node_modules/@babel/parser/lib/index.js:6927:11)
      at TypeScriptParserMixin.registerFunctionStatementId (/Users/ryuseihosokawa/frontend_mentor12/node_modules/@babel/parser/lib/index.js:12942:16)
      at TypeScriptParserMixin.registerFunctionStatementId (/Users/ryuseihosokawa/frontend_mentor12/node_modules/@babel/parser/lib/index.js:8904:13)
      at TypeScriptParserMixin.parseFunction (/Users/ryuseihosokawa/frontend_mentor12/node_modules/@babel/parser/lib/index.js:12926:12)
      at TypeScriptParserMixin.parseExportDefaultExpression (/Users/ryuseihosokawa/frontend_mentor12/node_modules/@babel/parser/lib/index.js:13375:19)
      at TypeScriptParserMixin.parseExportDefaultExpression (/Users/ryuseihosokawa/frontend_mentor12/node_modules/@babel/parser/lib/index.js:9121:18)
      at TypeScriptParserMixin.parseExport (/Users/ryuseihosokawa/frontend_mentor12/node_modules/@babel/parser/lib/index.js:13301:25)
      at TypeScriptParserMixin.parseExport (/Users/ryuseihosokawa/frontend_mentor12/node_modules/@babel/parser/lib/index.js:9104:20)
      at TypeScriptParserMixin.parseStatementContent (/Users/ryuseihosokawa/frontend_mentor12/node_modules/@babel/parser/lib/index.js:12356:27)
      at TypeScriptParserMixin.parseStatementContent (/Users/ryuseihosokawa/frontend_mentor12/node_modules/@babel/parser/lib/index.js:9157:18)
      at TypeScriptParserMixin.parseStatementLike (/Users/ryuseihosokawa/frontend_mentor12/node_modules/@babel/parser/lib/index.js:12243:17)
      at TypeScriptParserMixin.parseModuleItem (/Users/ryuseihosokawa/frontend_mentor12/node_modules/@babel/parser/lib/index.js:12220:17)
      at TypeScriptParserMixin.parseBlockOrModuleBlockBody (/Users/ryuseihosokawa/frontend_mentor12/node_modules/@babel/parser/lib/index.js:12796:36)
      at TypeScriptParserMixin.parseBlockBody (/Users/ryuseihosokawa/frontend_mentor12/node_modules/@babel/parser/lib/index.js:12789:10)
      at TypeScriptParserMixin.parseProgram (/Users/ryuseihosokawa/frontend_mentor12/node_modules/@babel/parser/lib/index.js:12117:10)
      at TypeScriptParserMixin.parseTopLevel (/Users/ryuseihosokawa/frontend_mentor12/node_modules/@babel/parser/lib/index.js:12107:25)
      at TypeScriptParserMixin.parse (/Users/ryuseihosokawa/frontend_mentor12/node_modules/@babel/parser/lib/index.js:13923:10)
      at TypeScriptParserMixin.parse (/Users/ryuseihosokawa/frontend_mentor12/node_modules/@babel/parser/lib/index.js:9771:18)
      at parse (/Users/ryuseihosokawa/frontend_mentor12/node_modules/@babel/parser/lib/index.js:13957:38)
      at parser (/Users/ryuseihosokawa/frontend_mentor12/node_modules/@babel/core/lib/parser/index.js:41:34)
      at parser.next (<anonymous>)
      at normalizeFile (/Users/ryuseihosokawa/frontend_mentor12/node_modules/@babel/core/lib/transformation/normalize-file.js:64:37)
      at normalizeFile.next (<anonymous>)
      at run (/Users/ryuseihosokawa/frontend_mentor12/node_modules/@babel/core/lib/transformation/index.js:21:50)
      at run.next (<anonymous>)
      at transform (/Users/ryuseihosokawa/frontend_mentor12/node_modules/@babel/core/lib/transform.js:22:33)
      at transform.next (<anonymous>)
      at step (/Users/ryuseihosokawa/frontend_mentor12/node_modules/gensync/index.js:261:32)
      at /Users/ryuseihosokawa/frontend_mentor12/node_modules/gensync/index.js:273:13
      at async.call.result.err.err (/Users/ryuseihosokawa/frontend_mentor12/node_modules/gensync/index.js:223:11)
      at /Users/ryuseihosokawa/frontend_mentor12/node_modules/gensync/index.js:189:28
      at /Users/ryuseihosokawa/frontend_mentor12/node_modules/@babel/core/lib/gensync-utils/async.js:67:7
      at /Users/ryuseihosokawa/frontend_mentor12/node_modules/gensync/index.js:113:33
      at step (/Users/ryuseihosokawa/frontend_mentor12/node_modules/gensync/index.js:287:14)
      at /Users/ryuseihosokawa/frontend_mentor12/node_modules/gensync/index.js:273:13
      at async.call.result.err.err (/Users/ryuseihosokawa/frontend_mentor12/node_modules/gensync/index.js:223:11)
7:06:48 PM [vite] hmr update /src/App.tsx
Failed to resolve import "./SubscriptionCard.css" from "src/Subscribe.tsx". Does the file exist?
7:06:48 PM [vite] Internal server error: Failed to resolve import "./SubscriptionCard.css" from "src/Subscribe.tsx". Does the file exist?
  Plugin: vite:import-analysis
  File: /Users/ryuseihosokawa/frontend_mentor12/src/Subscribe.tsx:2:7
  15 |    window.$RefreshSig$ = RefreshRuntime.createSignatureFunctionForTransform;
  16 |  }
  17 |  import "./SubscriptionCard.css";
     |          ^
  18 |  export default function SubscriptionCard() {
  19 |    return /* @__PURE__ */ jsxDEV("div", { className: "subscription-card", children: [
      at formatError (file:///Users/ryuseihosokawa/frontend_mentor12/node_modules/vite/dist/node/chunks/dep-b2890f90.js:44062:46)
      at TransformContext.error (file:///Users/ryuseihosokawa/frontend_mentor12/node_modules/vite/dist/node/chunks/dep-b2890f90.js:44058:19)
      at normalizeUrl (file:///Users/ryuseihosokawa/frontend_mentor12/node_modules/vite/dist/node/chunks/dep-b2890f90.js:41844:33)
      at runMicrotasks (<anonymous>)
      at processTicksAndRejections (node:internal/process/task_queues:96:5)
      at async file:///Users/ryuseihosokawa/frontend_mentor12/node_modules/vite/dist/node/chunks/dep-b2890f90.js:41998:47
      at async Promise.all (index 3)
      at async TransformContext.transform (file:///Users/ryuseihosokawa/frontend_mentor12/node_modules/vite/dist/node/chunks/dep-b2890f90.js:41914:13)
      at async Object.transform (file:///Users/ryuseihosokawa/frontend_mentor12/node_modules/vite/dist/node/chunks/dep-b2890f90.js:44352:30)
      at async loadAndTransform (file:///Users/ryuseihosokawa/frontend_mentor12/node_modules/vite/dist/node/chunks/dep-b2890f90.js:55026:29)
      at async viteTransformMiddleware (file:///Users/ryuseihosokawa/frontend_mentor12/node_modules/vite/dist/node/chunks/dep-b2890f90.js:64434:32)
7:06:53 PM [vite] hmr update /src/App.tsx
Failed to resolve import "SubscriptionCard.css" from "src/Subscribe.tsx". Does the file exist?
7:06:53 PM [vite] Internal server error: Failed to resolve import "SubscriptionCard.css" from "src/Subscribe.tsx". Does the file exist?
  Plugin: vite:import-analysis
  File: /Users/ryuseihosokawa/frontend_mentor12/src/Subscribe.tsx:2:7
  15 |    window.$RefreshSig$ = RefreshRuntime.createSignatureFunctionForTransform;
  16 |  }
  17 |  import "SubscriptionCard.css";
     |          ^
  18 |  export default function SubscriptionCard() {
  19 |    return /* @__PURE__ */ jsxDEV("div", { className: "subscription-card", children: [
      at formatError (file:///Users/ryuseihosokawa/frontend_mentor12/node_modules/vite/dist/node/chunks/dep-b2890f90.js:44062:46)
      at TransformContext.error (file:///Users/ryuseihosokawa/frontend_mentor12/node_modules/vite/dist/node/chunks/dep-b2890f90.js:44058:19)
      at normalizeUrl (file:///Users/ryuseihosokawa/frontend_mentor12/node_modules/vite/dist/node/chunks/dep-b2890f90.js:41844:33)
      at runMicrotasks (<anonymous>)
      at processTicksAndRejections (node:internal/process/task_queues:96:5)
      at async file:///Users/ryuseihosokawa/frontend_mentor12/node_modules/vite/dist/node/chunks/dep-b2890f90.js:41998:47
      at async Promise.all (index 3)
      at async TransformContext.transform (file:///Users/ryuseihosokawa/frontend_mentor12/node_modules/vite/dist/node/chunks/dep-b2890f90.js:41914:13)
      at async Object.transform (file:///Users/ryuseihosokawa/frontend_mentor12/node_modules/vite/dist/node/chunks/dep-b2890f90.js:44352:30)
      at async loadAndTransform (file:///Users/ryuseihosokawa/frontend_mentor12/node_modules/vite/dist/node/chunks/dep-b2890f90.js:55026:29)
      at async viteTransformMiddleware (file:///Users/ryuseihosokawa/frontend_mentor12/node_modules/vite/dist/node/chunks/dep-b2890f90.js:64434:32)
7:06:55 PM [vite] hmr update /src/App.tsx
Failed to resolve import "./SubscriptionCard.css" from "src/Subscribe.tsx". Does the file exist?
7:06:55 PM [vite] Internal server error: Failed to resolve import "./SubscriptionCard.css" from "src/Subscribe.tsx". Does the file exist?
  Plugin: vite:import-analysis
  File: /Users/ryuseihosokawa/frontend_mentor12/src/Subscribe.tsx:2:7
  15 |    window.$RefreshSig$ = RefreshRuntime.createSignatureFunctionForTransform;
  16 |  }
  17 |  import "./SubscriptionCard.css";
     |          ^
  18 |  export default function SubscriptionCard() {
  19 |    return /* @__PURE__ */ jsxDEV("div", { className: "subscription-card", children: [
      at formatError (file:///Users/ryuseihosokawa/frontend_mentor12/node_modules/vite/dist/node/chunks/dep-b2890f90.js:44062:46)
      at TransformContext.error (file:///Users/ryuseihosokawa/frontend_mentor12/node_modules/vite/dist/node/chunks/dep-b2890f90.js:44058:19)
      at normalizeUrl (file:///Users/ryuseihosokawa/frontend_mentor12/node_modules/vite/dist/node/chunks/dep-b2890f90.js:41844:33)
      at runMicrotasks (<anonymous>)
      at processTicksAndRejections (node:internal/process/task_queues:96:5)
      at async file:///Users/ryuseihosokawa/frontend_mentor12/node_modules/vite/dist/node/chunks/dep-b2890f90.js:41998:47
      at async Promise.all (index 3)
      at async TransformContext.transform (file:///Users/ryuseihosokawa/frontend_mentor12/node_modules/vite/dist/node/chunks/dep-b2890f90.js:41914:13)
      at async Object.transform (file:///Users/ryuseihosokawa/frontend_mentor12/node_modules/vite/dist/node/chunks/dep-b2890f90.js:44352:30)
      at async loadAndTransform (file:///Users/ryuseihosokawa/frontend_mentor12/node_modules/vite/dist/node/chunks/dep-b2890f90.js:55026:29)
      at async viteTransformMiddleware (file:///Users/ryuseihosokawa/frontend_mentor12/node_modules/vite/dist/node/chunks/dep-b2890f90.js:64434:32)
7:07:05 PM [vite] hmr update /src/App.tsx
7:08:15 PM [vite] hmr update /src/css/SubscriptionCard.css
7:08:20 PM [vite] hmr update /src/css/SubscriptionCard.css
7:08:45 PM [vite] hmr update /src/css/SubscriptionCard.css
7:09:12 PM [vite] hmr update /src/css/SubscriptionCard.css
7:09:38 PM [vite] hmr update /src/css/SubscriptionCard.css
7:09:41 PM [vite] hmr update /src/css/SubscriptionCard.css
7:10:14 PM [vite] hmr update /src/css/SubscriptionCard.css
7:10:20 PM [vite] hmr update /src/css/SubscriptionCard.css
7:10:24 PM [vite] hmr update /src/css/SubscriptionCard.css
7:10:28 PM [vite] hmr update /src/css/SubscriptionCard.css
7:10:31 PM [vite] hmr update /src/css/SubscriptionCard.css
7:11:09 PM [vite] hmr update /src/css/SubscriptionCard.css
7:11:12 PM [vite] hmr update /src/css/SubscriptionCard.css
7:12:11 PM [vite] hmr update /src/css/SubscriptionCard.css
7:12:17 PM [vite] hmr update /src/css/SubscriptionCard.css
7:12:25 PM [vite] hmr update /src/css/SubscriptionCard.css
7:12:42 PM [vite] hmr update /src/css/SubscriptionCard.css
7:12:46 PM [vite] hmr update /src/css/SubscriptionCard.css
7:12:50 PM [vite] hmr update /src/css/SubscriptionCard.css
7:13:50 PM [vite] hmr update /src/css/SubscriptionCard.css
7:14:15 PM [vite] hmr update /src/css/SubscriptionCard.css
7:14:16 PM [vite] hmr update /src/css/SubscriptionCard.css
7:14:28 PM [vite] hmr update /src/css/SubscriptionCard.css
7:14:30 PM [vite] hmr update /src/css/SubscriptionCard.css
7:14:59 PM [vite] hmr update /src/css/SubscriptionCard.css
7:15:38 PM [vite] hmr update /src/css/SubscriptionCard.css
7:15:47 PM [vite] hmr update /src/css/SubscriptionCard.css
7:16:14 PM [vite] hmr update /src/css/SubscriptionCard.css
7:16:17 PM [vite] hmr update /src/css/SubscriptionCard.css
7:16:23 PM [vite] hmr update /src/css/SubscriptionCard.css
7:16:24 PM [vite] hmr update /src/css/SubscriptionCard.css
7:16:28 PM [vite] hmr update /src/css/SubscriptionCard.css
7:16:41 PM [vite] hmr update /src/css/SubscriptionCard.css
7:16:43 PM [vite] hmr update /src/css/SubscriptionCard.css
7:16:56 PM [vite] hmr update /src/css/SubscriptionCard.css
7:17:00 PM [vite] hmr update /src/css/SubscriptionCard.css
7:17:02 PM [vite] hmr update /src/css/SubscriptionCard.css
7:17:08 PM [vite] hmr update /src/css/SubscriptionCard.css
7:17:33 PM [vite] hmr update /src/css/SubscriptionCard.css
7:17:36 PM [vite] hmr update /src/css/SubscriptionCard.css
7:17:42 PM [vite] hmr update /src/css/SubscriptionCard.css
7:17:49 PM [vite] hmr update /src/css/SubscriptionCard.css
7:18:10 PM [vite] hmr update /src/css/SubscriptionCard.css
7:18:44 PM [vite] hmr update /src/css/SubscriptionCard.css
7:18:50 PM [vite] hmr update /src/css/SubscriptionCard.css
7:18:54 PM [vite] hmr update /src/css/SubscriptionCard.css
7:18:58 PM [vite] hmr update /src/css/SubscriptionCard.css
7:19:02 PM [vite] hmr update /src/css/SubscriptionCard.css
7:19:16 PM [vite] hmr update /src/css/SubscriptionCard.css
7:19:32 PM [vite] hmr update /src/css/SubscriptionCard.css
7:19:35 PM [vite] hmr update /src/css/SubscriptionCard.css
7:19:43 PM [vite] hmr update /src/css/SubscriptionCard.css
7:19:48 PM [vite] hmr update /src/css/SubscriptionCard.css
7:20:04 PM [vite] hmr update /src/css/SubscriptionCard.css
7:20:25 PM [vite] hmr update /src/css/SubscriptionCard.css
7:20:27 PM [vite] hmr update /src/css/SubscriptionCard.css
7:20:29 PM [vite] hmr update /src/css/SubscriptionCard.css
7:20:33 PM [vite] hmr update /src/css/SubscriptionCard.css
7:20:44 PM [vite] hmr update /src/css/SubscriptionCard.css
7:20:46 PM [vite] hmr update /src/css/SubscriptionCard.css
7:20:59 PM [vite] hmr update /src/css/SubscriptionCard.css
7:21:01 PM [vite] hmr update /src/css/SubscriptionCard.css
7:21:05 PM [vite] hmr update /src/css/SubscriptionCard.css
7:21:19 PM [vite] hmr update /src/css/SubscriptionCard.css
7:21:23 PM [vite] hmr update /src/css/SubscriptionCard.css
7:21:27 PM [vite] hmr update /src/css/SubscriptionCard.css
7:21:50 PM [vite] hmr update /src/css/SubscriptionCard.css
7:21:53 PM [vite] hmr update /src/css/SubscriptionCard.css
7:22:03 PM [vite] hmr update /src/css/SubscriptionCard.css
7:22:05 PM [vite] hmr update /src/css/SubscriptionCard.css
7:22:09 PM [vite] hmr update /src/css/SubscriptionCard.css
7:22:16 PM [vite] hmr update /src/css/SubscriptionCard.css
7:22:36 PM [vite] hmr update /src/css/SubscriptionCard.css
7:22:56 PM [vite] hmr update /src/css/SubscriptionCard.css
7:23:24 PM [vite] hmr update /src/css/SubscriptionCard.css
7:23:43 PM [vite] hmr update /src/css/SubscriptionCard.css
7:23:44 PM [vite] hmr update /src/css/SubscriptionCard.css
7:23:45 PM [vite] hmr update /src/css/SubscriptionCard.css
7:24:17 PM [vite] hmr update /src/css/SubscriptionCard.css
7:24:21 PM [vite] hmr update /src/css/SubscriptionCard.css
7:24:46 PM [vite] hmr update /src/css/SubscriptionCard.css
7:24:52 PM [vite] hmr update /src/css/SubscriptionCard.css
7:25:25 PM [vite] hmr update /src/css/SubscriptionCard.css
7:25:47 PM [vite] hmr update /src/css/SubscriptionCard.css
7:25:59 PM [vite] hmr update /src/css/SubscriptionCard.css
7:26:01 PM [vite] hmr update /src/css/SubscriptionCard.css
7:26:18 PM [vite] hmr update /src/css/SubscriptionCard.css
7:26:44 PM [vite] hmr update /src/css/SubscriptionCard.css
7:26:49 PM [vite] hmr update /src/css/SubscriptionCard.css
7:26:51 PM [vite] hmr update /src/css/SubscriptionCard.css
7:27:01 PM [vite] hmr update /src/css/SubscriptionCard.css
7:27:02 PM [vite] hmr update /src/css/SubscriptionCard.css
7:27:04 PM [vite] hmr update /src/css/SubscriptionCard.css
7:27:06 PM [vite] hmr update /src/css/SubscriptionCard.css
7:27:13 PM [vite] hmr update /src/css/SubscriptionCard.css
7:27:16 PM [vite] hmr update /src/css/SubscriptionCard.css
7:27:19 PM [vite] hmr update /src/css/SubscriptionCard.css
7:27:28 PM [vite] hmr update /src/css/SubscriptionCard.css
7:27:51 PM [vite] hmr update /src/css/SubscriptionCard.css
7:27:55 PM [vite] hmr update /src/css/SubscriptionCard.css
7:28:34 PM [vite] hmr update /src/css/SubscriptionCard.css
1:29:43 AM [vite] hmr update /src/css/SubscriptionCard.css
1:31:33 AM [vite] hmr update /src/css/SubscriptionCard.css
1:34:02 AM [vite] hmr update /src/css/SubscriptionCard.css
1:34:13 AM [vite] hmr update /src/css/SubscriptionCard.css
1:35:09 AM [vite] hmr update /src/css/SubscriptionCard.css
1:35:20 AM [vite] hmr update /src/css/SubscriptionCard.css
1:35:23 AM [vite] hmr update /src/css/SubscriptionCard.css
1:35:28 AM [vite] hmr update /src/css/SubscriptionCard.css
1:36:15 AM [vite] hmr update /src/css/SubscriptionCard.css
1:36:38 AM [vite] hmr update /src/css/SubscriptionCard.css
1:37:34 AM [vite] hmr update /src/css/SubscriptionCard.css
1:38:28 AM [vite] hmr update /src/css/SubscriptionCard.css
1:38:41 AM [vite] hmr update /src/css/SubscriptionCard.css
1:38:46 AM [vite] hmr update /src/css/SubscriptionCard.css
1:38:50 AM [vite] hmr update /src/css/SubscriptionCard.css
1:38:51 AM [vite] hmr update /src/css/SubscriptionCard.css
1:39:31 AM [vite] hmr update /src/css/main.css
1:39:57 AM [vite] hmr update /src/css/main.css
1:42:41 AM [vite] hmr update /src/css/SubscriptionCard.css
1:43:37 AM [vite] hmr update /src/css/SubscriptionCard.css
1:43:40 AM [vite] hmr update /src/css/SubscriptionCard.css
1:43:50 AM [vite] hmr update /src/css/SubscriptionCard.css
1:44:06 AM [vite] hmr update /src/css/SubscriptionCard.css
1:44:07 AM [vite] hmr update /src/css/SubscriptionCard.css
1:44:07 AM [vite] hmr update /src/css/SubscriptionCard.css
1:44:12 AM [vite] hmr update /src/css/SubscriptionCard.css
1:44:32 AM [vite] hmr update /src/css/SubscriptionCard.css
1:46:49 AM [vite] hmr update /src/css/SubscriptionCard.css
1:47:01 AM [vite] hmr update /src/css/SubscriptionCard.css
1:47:03 AM [vite] hmr update /src/css/SubscriptionCard.css
1:47:05 AM [vite] hmr update /src/css/SubscriptionCard.css
1:48:05 AM [vite] hmr update /src/css/SubscriptionCard.css
1:48:09 AM [vite] hmr update /src/css/SubscriptionCard.css
1:48:19 AM [vite] hmr update /src/css/SubscriptionCard.css
1:48:26 AM [vite] hmr update /src/css/SubscriptionCard.css
1:49:06 AM [vite] hmr update /src/css/SubscriptionCard.css
1:49:09 AM [vite] hmr update /src/css/SubscriptionCard.css
1:49:24 AM [vite] hmr update /src/css/SubscriptionCard.css
1:49:59 AM [vite] hmr update /src/css/SubscriptionCard.css
1:50:26 AM [vite] hmr update /src/css/SubscriptionCard.css
1:50:31 AM [vite] hmr update /src/css/SubscriptionCard.css
